<?xml version="1.0" encoding="UTF-8"?>
<!-- Generated by org.testng.reporters.JUnitReportReporter -->
<testsuite skipped="0" hostname="LAPTOP-0EC05GSJ" name="com.synechron.ws.wstraining.basics.get.GetBoardWithValidation" tests="7" failures="0" timestamp="26 May 2021 04:29:07 GMT" time="8.450" errors="0">
  <testcase name="validateResponseHeaderInGet" time="0.651" classname="com.synechron.ws.wstraining.basics.get.GetBoardWithValidation"/>
  <testcase name="validateSizeArray" time="0.676" classname="com.synechron.ws.wstraining.basics.get.GetBoardWithValidation"/>
  <testcase name="validateBodyInArray" time="4.403" classname="com.synechron.ws.wstraining.basics.get.GetBoardWithValidation"/>
  <testcase name="validatePartiularValue" time="0.661" classname="com.synechron.ws.wstraining.basics.get.GetBoardWithValidation"/>
  <testcase name="validateKeyExists" time="0.670" classname="com.synechron.ws.wstraining.basics.get.GetBoardWithValidation"/>
  <testcase name="validateBodyMultipleValuesInArray" time="0.751" classname="com.synechron.ws.wstraining.basics.get.GetBoardWithValidation"/>
  <testcase name="validateBodyInGet" time="0.638" classname="com.synechron.ws.wstraining.basics.get.GetBoardWithValidation"/>
</testsuite> <!-- com.synechron.ws.wstraining.basics.get.GetBoardWithValidation -->
