<?xml version="1.0" encoding="UTF-8"?>
<!-- Generated by org.testng.reporters.JUnitReportReporter -->
<testsuite skipped="0" hostname="LAPTOP-0EC05GSJ" name="com.synechron.ws.wstraining.basics.get.GetTrelloBoard" tests="3" failures="0" timestamp="25 May 2021 10:30:00 GMT" time="4.797" errors="0">
  <testcase name="validateGetBoardInBDDStyle" time="3.636" classname="com.synechron.ws.wstraining.basics.get.GetTrelloBoard"/>
  <testcase name="validateGetBoardInRestFormat" time="0.551" classname="com.synechron.ws.wstraining.basics.get.GetTrelloBoard"/>
  <testcase name="validateGetBoardInExpectFormat" time="0.610" classname="com.synechron.ws.wstraining.basics.get.GetTrelloBoard"/>
</testsuite> <!-- com.synechron.ws.wstraining.basics.get.GetTrelloBoard -->
