<?xml version="1.0" encoding="UTF-8"?>
<!-- Generated by org.testng.reporters.JUnitReportReporter -->
<testsuite skipped="0" hostname="LAPTOP-0EC05GSJ" name="com.synechron.ws.wstraining.basics.get.GetBoardWithValidation" tests="8" failures="0" timestamp="26 May 2021 04:49:29 GMT" time="10.495" errors="0">
  <testcase name="validateBodyMultipleValuesInArray" time="1.311" classname="com.synechron.ws.wstraining.basics.get.GetBoardWithValidation"/>
  <testcase name="validateBodyInArray" time="4.639" classname="com.synechron.ws.wstraining.basics.get.GetBoardWithValidation"/>
  <testcase name="validateMultiplseAssertions" time="0.688" classname="com.synechron.ws.wstraining.basics.get.GetBoardWithValidation"/>
  <testcase name="validateResponseHeaderInGet" time="0.690" classname="com.synechron.ws.wstraining.basics.get.GetBoardWithValidation"/>
  <testcase name="validateSizeArray" time="1.267" classname="com.synechron.ws.wstraining.basics.get.GetBoardWithValidation"/>
  <testcase name="validateKeyExists" time="0.672" classname="com.synechron.ws.wstraining.basics.get.GetBoardWithValidation"/>
  <testcase name="validateBodyInGet" time="0.589" classname="com.synechron.ws.wstraining.basics.get.GetBoardWithValidation"/>
  <testcase name="validatePartiularValue" time="0.639" classname="com.synechron.ws.wstraining.basics.get.GetBoardWithValidation"/>
</testsuite> <!-- com.synechron.ws.wstraining.basics.get.GetBoardWithValidation -->
